<?xml version="1.0" encoding="UTF-8"?>
<!-- Generated by org.testng.reporters.JUnitReportReporter -->
<testsuite name="com.course.cases.GetUserInfoTest" tests="1" time="0.000" ignored="0" failures="0" timestamp="09 May 2019 02:21:07 GMT" skipped="1" hostname="CALPRNYAW0809GG" errors="0">
  <testcase name="getUserInfo" time="0.000" classname="com.course.cases.GetUserInfoTest">
    <skipped/>
  </testcase> <!-- getUserInfo -->
</testsuite> <!-- com.course.cases.GetUserInfoTest -->
