<?xml version="1.0" encoding="UTF-8" ?>
<testsuite tests="7" failures="5" name="TestSuite" time="13.151" errors="0" skipped="2">
  <properties>
    <property name="java.runtime.name" value="Java(TM) SE Runtime Environment"/>
    <property name="sun.boot.library.path" value="D:\Java\jdk1.8.0_171\jre\bin"/>
    <property name="java.vm.version" value="25.171-b11"/>
    <property name="java.vm.vendor" value="Oracle Corporation"/>
    <property name="java.vendor.url" value="http://java.oracle.com/"/>
    <property name="path.separator" value=";"/>
    <property name="java.vm.name" value="Java HotSpot(TM) 64-Bit Server VM"/>
    <property name="file.encoding.pkg" value="sun.io"/>
    <property name="user.script" value=""/>
    <property name="user.country" value="CN"/>
    <property name="sun.java.launcher" value="SUN_STANDARD"/>
    <property name="sun.os.patch.level" value=""/>
    <property name="java.vm.specification.name" value="Java Virtual Machine Specification"/>
    <property name="user.dir" value="D:\springboot\Chapter12Prac"/>
    <property name="java.runtime.version" value="1.8.0_171-b11"/>
    <property name="java.awt.graphicsenv" value="sun.awt.Win32GraphicsEnvironment"/>
    <property name="basedir" value="D:\springboot\Chapter12Prac"/>
    <property name="java.endorsed.dirs" value="D:\Java\jdk1.8.0_171\jre\lib\endorsed"/>
    <property name="os.arch" value="amd64"/>
    <property name="surefire.real.class.path" value="D:\springboot\Chapter12Prac\target\surefire\surefirebooter3786288911923936989.jar"/>
    <property name="java.io.tmpdir" value="C:\Users\ADMINI~1\AppData\Local\Temp\"/>
    <property name="line.separator" value="
"/>
    <property name="java.vm.specification.vendor" value="Oracle Corporation"/>
    <property name="user.variant" value=""/>
    <property name="os.name" value="Windows 10"/>
    <property name="sun.jnu.encoding" value="GBK"/>
    <property name="java.library.path" value="D:\Java\jdk1.8.0_171\jre\bin;C:\WINDOWS\Sun\Java\bin;C:\WINDOWS\system32;C:\WINDOWS;C:\Users\Administrator\bin;D:\Program Files\Git\mingw64\bin;D:\Program Files\Git\usr\local\bin;D:\Program Files\Git\usr\bin;D:\Program Files\Git\usr\bin;D:\Program Files\Git\mingw64\bin;D:\Program Files\Git\usr\bin;C:\Users\Administrator\bin;C:\;D:\Java\jdk1.8.0_171\bin;D:\Java\jdk1.8.0_171\jre\bin;C:\sqlite;D:\Tomcat7.0.90\bin;D:\Tomcat7.0.90\lib;C:\Windows\System32;C:\windows;C:\windows\System32\Wbem;C:\windows\System32\WindowsPowerShell\v1.0;C:\Program Files\Intel\WiFi\bin;C:\Program Files\Common Files\Intel\WirelessCommon;C:\Program Files (x86)\NVIDIA Corporation\PhysX\Common;D:\nodejs;C:\Program Files\TortoiseSVN\bin;D:\MongoDB3.6\bin;D:\android-sdk-windows\platform-tools;D:\android-sdk-windows\tools;D:\Appium;D:\Appium\node_modules\.bin;%MAVEN_HOME%\bin;D:\MYSQL\mysql-8.0.12-winx64\bin;C:\MyTouch\Keyhand;C:\WINDOWS\system32;C:\WINDOWS;C:\WINDOWS\System32\Wbem;C:\WINDOWS\System32\WindowsPowerShell\v1.0;C:\WINDOWS\System32\OpenSSH;C:\Program Files (x86)\Internet Explorer;C:\Program Files (x86)\Google\Chrome\Application;D:\maven3.3.9\apache-maven-3.3.9\bin;D:\firefox57;D:\Program Files\Git\cmd;C:\MyTouch\Keyhand;C:\Program Files\MySQL\MySQL Server 5.7\bin;C:\Users\Administrator\AppData\Local\Programs\Python\Python36-32\Scripts;C:\Users\Administrator\AppData\Local\Programs\Python\Python36-32;C:\Users\Administrator\AppData\Local\Microsoft\WindowsApps;C:\Program Files\Intel\WiFi\bin;C:\Program Files\Common Files\Intel\WirelessCommon;D:\Program Files\Git\usr\bin\vendor_perl;D:\Program Files\Git\usr\bin\core_perl;."/>
    <property name="surefire.test.class.path" value="D:\springboot\Chapter12Prac\target\test-classes;D:\springboot\Chapter12Prac\target\classes;D:\MavenRep\org\apache\httpcomponents\httpclient\4.1.2\httpclient-4.1.2.jar;D:\MavenRep\org\apache\httpcomponents\httpcore\4.1.2\httpcore-4.1.2.jar;D:\MavenRep\commons-logging\commons-logging\1.1.1\commons-logging-1.1.1.jar;D:\MavenRep\commons-codec\commons-codec\1.4\commons-codec-1.4.jar;D:\MavenRep\org\json\json\20170516\json-20170516.jar;D:\MavenRep\org\mybatis\mybatis\3.4.4\mybatis-3.4.4.jar;D:\MavenRep\mysql\mysql-connector-java\5.1.31\mysql-connector-java-5.1.31.jar;D:\MavenRep\org\projectlombok\lombok\1.16.14\lombok-1.16.14.jar;D:\MavenRep\com\relevantcodes\extentreports\2.41.1\extentreports-2.41.1.jar;D:\MavenRep\org\jsoup\jsoup\1.8.3\jsoup-1.8.3.jar;D:\MavenRep\org\xerial\sqlite-jdbc\3.8.11.1\sqlite-jdbc-3.8.11.1.jar;D:\MavenRep\org\freemarker\freemarker\2.3.23\freemarker-2.3.23.jar;D:\MavenRep\org\mongodb\mongodb-driver\3.0.4\mongodb-driver-3.0.4.jar;D:\MavenRep\org\mongodb\bson\3.0.4\bson-3.0.4.jar;D:\MavenRep\org\mongodb\mongodb-driver-core\3.0.4\mongodb-driver-core-3.0.4.jar;D:\MavenRep\com\vimalselvam\testng-extentsreport\1.3.1\testng-extentsreport-1.3.1.jar;D:\MavenRep\com\google\guava\guava\20.0\guava-20.0.jar;D:\MavenRep\com\aventstack\extentreports\3.0.6\extentreports-3.0.6.jar;D:\MavenRep\org\apache\httpcomponents\httpmime\4.5.2\httpmime-4.5.2.jar;D:\MavenRep\org\testng\testng\6.10\testng-6.10.jar;D:\MavenRep\com\beust\jcommander\1.48\jcommander-1.48.jar;"/>
    <property name="java.specification.name" value="Java Platform API Specification"/>
    <property name="java.class.version" value="52.0"/>
    <property name="sun.management.compiler" value="HotSpot 64-Bit Tiered Compilers"/>
    <property name="os.version" value="10.0"/>
    <property name="user.home" value="C:\Users\Administrator"/>
    <property name="user.timezone" value="Asia/Shanghai"/>
    <property name="java.awt.printerjob" value="sun.awt.windows.WPrinterJob"/>
    <property name="java.specification.version" value="1.8"/>
    <property name="file.encoding" value="GBK"/>
    <property name="user.name" value="Administrator"/>
    <property name="java.class.path" value="D:\springboot\Chapter12Prac\target\test-classes;D:\springboot\Chapter12Prac\target\classes;D:\MavenRep\org\apache\httpcomponents\httpclient\4.1.2\httpclient-4.1.2.jar;D:\MavenRep\org\apache\httpcomponents\httpcore\4.1.2\httpcore-4.1.2.jar;D:\MavenRep\commons-logging\commons-logging\1.1.1\commons-logging-1.1.1.jar;D:\MavenRep\commons-codec\commons-codec\1.4\commons-codec-1.4.jar;D:\MavenRep\org\json\json\20170516\json-20170516.jar;D:\MavenRep\org\mybatis\mybatis\3.4.4\mybatis-3.4.4.jar;D:\MavenRep\mysql\mysql-connector-java\5.1.31\mysql-connector-java-5.1.31.jar;D:\MavenRep\org\projectlombok\lombok\1.16.14\lombok-1.16.14.jar;D:\MavenRep\com\relevantcodes\extentreports\2.41.1\extentreports-2.41.1.jar;D:\MavenRep\org\jsoup\jsoup\1.8.3\jsoup-1.8.3.jar;D:\MavenRep\org\xerial\sqlite-jdbc\3.8.11.1\sqlite-jdbc-3.8.11.1.jar;D:\MavenRep\org\freemarker\freemarker\2.3.23\freemarker-2.3.23.jar;D:\MavenRep\org\mongodb\mongodb-driver\3.0.4\mongodb-driver-3.0.4.jar;D:\MavenRep\org\mongodb\bson\3.0.4\bson-3.0.4.jar;D:\MavenRep\org\mongodb\mongodb-driver-core\3.0.4\mongodb-driver-core-3.0.4.jar;D:\MavenRep\com\vimalselvam\testng-extentsreport\1.3.1\testng-extentsreport-1.3.1.jar;D:\MavenRep\com\google\guava\guava\20.0\guava-20.0.jar;D:\MavenRep\com\aventstack\extentreports\3.0.6\extentreports-3.0.6.jar;D:\MavenRep\org\apache\httpcomponents\httpmime\4.5.2\httpmime-4.5.2.jar;D:\MavenRep\org\testng\testng\6.10\testng-6.10.jar;D:\MavenRep\com\beust\jcommander\1.48\jcommander-1.48.jar;"/>
    <property name="java.vm.specification.version" value="1.8"/>
    <property name="sun.arch.data.model" value="64"/>
    <property name="java.home" value="D:\Java\jdk1.8.0_171\jre"/>
    <property name="sun.java.command" value="D:\springboot\Chapter12Prac\target\surefire\surefirebooter3786288911923936989.jar D:\springboot\Chapter12Prac\target\surefire\surefire280717626476245931tmp D:\springboot\Chapter12Prac\target\surefire\surefire1919838927210511582tmp"/>
    <property name="java.specification.vendor" value="Oracle Corporation"/>
    <property name="user.language" value="zh"/>
    <property name="awt.toolkit" value="sun.awt.windows.WToolkit"/>
    <property name="java.vm.info" value="mixed mode"/>
    <property name="java.version" value="1.8.0_171"/>
    <property name="java.ext.dirs" value="D:\Java\jdk1.8.0_171\jre\lib\ext;C:\WINDOWS\Sun\Java\lib\ext"/>
    <property name="sun.boot.class.path" value="D:\Java\jdk1.8.0_171\jre\lib\resources.jar;D:\Java\jdk1.8.0_171\jre\lib\rt.jar;D:\Java\jdk1.8.0_171\jre\lib\sunrsasign.jar;D:\Java\jdk1.8.0_171\jre\lib\jsse.jar;D:\Java\jdk1.8.0_171\jre\lib\jce.jar;D:\Java\jdk1.8.0_171\jre\lib\charsets.jar;D:\Java\jdk1.8.0_171\jre\lib\jfr.jar;D:\Java\jdk1.8.0_171\jre\classes"/>
    <property name="java.vendor" value="Oracle Corporation"/>
    <property name="localRepository" value="D:\MavenRep"/>
    <property name="file.separator" value="\"/>
    <property name="java.vendor.url.bug" value="http://bugreport.sun.com/bugreport/"/>
    <property name="sun.cpu.endian" value="little"/>
    <property name="sun.io.unicode.encoding" value="UnicodeLittle"/>
    <property name="sun.desktop" value="windows"/>
    <property name="sun.cpu.isalist" value="amd64"/>
  </properties>
  <testcase classname="com.course.cases.LoginTest" name="loginTrue" time="3.402">
    <failure message="Connection to http://localhost:8888 refused" type="org.apache.http.conn.HttpHostConnectException">org.apache.http.conn.HttpHostConnectException: Connection to http://localhost:8888 refused
	at org.apache.http.impl.conn.DefaultClientConnectionOperator.openConnection(DefaultClientConnectionOperator.java:158)
	at org.apache.http.impl.conn.AbstractPoolEntry.open(AbstractPoolEntry.java:149)
	at org.apache.http.impl.conn.AbstractPooledConnAdapter.open(AbstractPooledConnAdapter.java:121)
	at org.apache.http.impl.client.DefaultRequestDirector.tryConnect(DefaultRequestDirector.java:573)
	at org.apache.http.impl.client.DefaultRequestDirector.execute(DefaultRequestDirector.java:425)
	at org.apache.http.impl.client.AbstractHttpClient.execute(AbstractHttpClient.java:820)
	at org.apache.http.impl.client.AbstractHttpClient.execute(AbstractHttpClient.java:754)
	at org.apache.http.impl.client.AbstractHttpClient.execute(AbstractHttpClient.java:732)
	at com.course.cases.LoginTest.getResult(LoginTest.java:72)
	at com.course.cases.LoginTest.loginTrue(LoginTest.java:47)
Caused by: java.net.ConnectException: Connection refused: connect
	at java.net.DualStackPlainSocketImpl.connect0(Native Method)
	at java.net.DualStackPlainSocketImpl.socketConnect(DualStackPlainSocketImpl.java:79)
	at java.net.AbstractPlainSocketImpl.doConnect(AbstractPlainSocketImpl.java:350)
	at java.net.AbstractPlainSocketImpl.connectToAddress(AbstractPlainSocketImpl.java:206)
	at java.net.AbstractPlainSocketImpl.connect(AbstractPlainSocketImpl.java:188)
	at java.net.PlainSocketImpl.connect(PlainSocketImpl.java:172)
	at java.net.SocksSocketImpl.connect(SocksSocketImpl.java:392)
	at java.net.Socket.connect(Socket.java:589)
	at org.apache.http.conn.scheme.PlainSocketFactory.connectSocket(PlainSocketFactory.java:123)
	at org.apache.http.impl.conn.DefaultClientConnectionOperator.openConnection(DefaultClientConnectionOperator.java:148)
	... 43 more
</failure>
    <system-out>@HL
@HL-------------------------------------------------------
@HL T E S T S
@HL-------------------------------------------------------
@SLRunning TestSuite
LoginCase(id=1, userName=周淑怡, password=123456, expected=true)
http://localhost:8888/v1/login
</system-out>
  </testcase>
  <testcase classname="com.course.cases.LoginTest" name="LoginFalse" time="2.044">
    <failure message="Connection to http://localhost:8888 refused" type="org.apache.http.conn.HttpHostConnectException">org.apache.http.conn.HttpHostConnectException: Connection to http://localhost:8888 refused
	at org.apache.http.impl.conn.DefaultClientConnectionOperator.openConnection(DefaultClientConnectionOperator.java:158)
	at org.apache.http.impl.conn.AbstractPoolEntry.open(AbstractPoolEntry.java:149)
	at org.apache.http.impl.conn.AbstractPooledConnAdapter.open(AbstractPooledConnAdapter.java:121)
	at org.apache.http.impl.client.DefaultRequestDirector.tryConnect(DefaultRequestDirector.java:573)
	at org.apache.http.impl.client.DefaultRequestDirector.execute(DefaultRequestDirector.java:425)
	at org.apache.http.impl.client.AbstractHttpClient.execute(AbstractHttpClient.java:820)
	at org.apache.http.impl.client.AbstractHttpClient.execute(AbstractHttpClient.java:754)
	at org.apache.http.impl.client.AbstractHttpClient.execute(AbstractHttpClient.java:732)
	at com.course.cases.LoginTest.getResult(LoginTest.java:72)
	at com.course.cases.LoginTest.LoginFalse(LoginTest.java:59)
Caused by: java.net.ConnectException: Connection refused: connect
	at java.net.DualStackPlainSocketImpl.connect0(Native Method)
	at java.net.DualStackPlainSocketImpl.socketConnect(DualStackPlainSocketImpl.java:79)
	at java.net.AbstractPlainSocketImpl.doConnect(AbstractPlainSocketImpl.java:350)
	at java.net.AbstractPlainSocketImpl.connectToAddress(AbstractPlainSocketImpl.java:206)
	at java.net.AbstractPlainSocketImpl.connect(AbstractPlainSocketImpl.java:188)
	at java.net.PlainSocketImpl.connect(PlainSocketImpl.java:172)
	at java.net.SocksSocketImpl.connect(SocksSocketImpl.java:392)
	at java.net.Socket.connect(Socket.java:589)
	at org.apache.http.conn.scheme.PlainSocketFactory.connectSocket(PlainSocketFactory.java:123)
	at org.apache.http.impl.conn.DefaultClientConnectionOperator.openConnection(DefaultClientConnectionOperator.java:148)
	... 43 more
</failure>
    <system-out>LoginCase(id=2, userName=zhao6, password=123456, expected=false)
http://localhost:8888/v1/login
</system-out>
  </testcase>
  <testcase classname="com.course.cases.UpdateUserInfoTest" name="updateUserInfo" time="2.042">
    <failure message="Connection to http://localhost:8888 refused" type="org.apache.http.conn.HttpHostConnectException">org.apache.http.conn.HttpHostConnectException: Connection to http://localhost:8888 refused
	at org.apache.http.impl.conn.DefaultClientConnectionOperator.openConnection(DefaultClientConnectionOperator.java:158)
	at org.apache.http.impl.conn.AbstractPoolEntry.open(AbstractPoolEntry.java:149)
	at org.apache.http.impl.conn.AbstractPooledConnAdapter.open(AbstractPooledConnAdapter.java:121)
	at org.apache.http.impl.client.DefaultRequestDirector.tryConnect(DefaultRequestDirector.java:573)
	at org.apache.http.impl.client.DefaultRequestDirector.execute(DefaultRequestDirector.java:425)
	at org.apache.http.impl.client.AbstractHttpClient.execute(AbstractHttpClient.java:820)
	at org.apache.http.impl.client.AbstractHttpClient.execute(AbstractHttpClient.java:754)
	at org.apache.http.impl.client.AbstractHttpClient.execute(AbstractHttpClient.java:732)
	at com.course.cases.UpdateUserInfoTest.getResult(UpdateUserInfoTest.java:58)
	at com.course.cases.UpdateUserInfoTest.updateUserInfo(UpdateUserInfoTest.java:31)
Caused by: java.net.ConnectException: Connection refused: connect
	at java.net.DualStackPlainSocketImpl.connect0(Native Method)
	at java.net.DualStackPlainSocketImpl.socketConnect(DualStackPlainSocketImpl.java:79)
	at java.net.AbstractPlainSocketImpl.doConnect(AbstractPlainSocketImpl.java:350)
	at java.net.AbstractPlainSocketImpl.connectToAddress(AbstractPlainSocketImpl.java:206)
	at java.net.AbstractPlainSocketImpl.connect(AbstractPlainSocketImpl.java:188)
	at java.net.PlainSocketImpl.connect(PlainSocketImpl.java:172)
	at java.net.SocksSocketImpl.connect(SocksSocketImpl.java:392)
	at java.net.Socket.connect(Socket.java:589)
	at org.apache.http.conn.scheme.PlainSocketFactory.connectSocket(PlainSocketFactory.java:123)
	at org.apache.http.impl.conn.DefaultClientConnectionOperator.openConnection(DefaultClientConnectionOperator.java:148)
	... 43 more
</failure>
    <system-out>UpdateUserInfoCase(id=1, UserId=2, userName=周淑怡的老公, sex=null, age=null, permission=null, isdelete=null, expected=updateUserInfo)
http://localhost:8888/v1/updateUserInfo
</system-out>
  </testcase>
  <testcase classname="com.course.cases.UpdateUserInfoTest" name="deleteUserInfo" time="2.035">
    <failure message="Connection to http://localhost:8888 refused" type="org.apache.http.conn.HttpHostConnectException">org.apache.http.conn.HttpHostConnectException: Connection to http://localhost:8888 refused
	at org.apache.http.impl.conn.DefaultClientConnectionOperator.openConnection(DefaultClientConnectionOperator.java:158)
	at org.apache.http.impl.conn.AbstractPoolEntry.open(AbstractPoolEntry.java:149)
	at org.apache.http.impl.conn.AbstractPooledConnAdapter.open(AbstractPooledConnAdapter.java:121)
	at org.apache.http.impl.client.DefaultRequestDirector.tryConnect(DefaultRequestDirector.java:573)
	at org.apache.http.impl.client.DefaultRequestDirector.execute(DefaultRequestDirector.java:425)
	at org.apache.http.impl.client.AbstractHttpClient.execute(AbstractHttpClient.java:820)
	at org.apache.http.impl.client.AbstractHttpClient.execute(AbstractHttpClient.java:754)
	at org.apache.http.impl.client.AbstractHttpClient.execute(AbstractHttpClient.java:732)
	at com.course.cases.UpdateUserInfoTest.getResult(UpdateUserInfoTest.java:58)
	at com.course.cases.UpdateUserInfoTest.deleteUserInfo(UpdateUserInfoTest.java:72)
Caused by: java.net.ConnectException: Connection refused: connect
	at java.net.DualStackPlainSocketImpl.connect0(Native Method)
	at java.net.DualStackPlainSocketImpl.socketConnect(DualStackPlainSocketImpl.java:79)
	at java.net.AbstractPlainSocketImpl.doConnect(AbstractPlainSocketImpl.java:350)
	at java.net.AbstractPlainSocketImpl.connectToAddress(AbstractPlainSocketImpl.java:206)
	at java.net.AbstractPlainSocketImpl.connect(AbstractPlainSocketImpl.java:188)
	at java.net.PlainSocketImpl.connect(PlainSocketImpl.java:172)
	at java.net.SocksSocketImpl.connect(SocksSocketImpl.java:392)
	at java.net.Socket.connect(Socket.java:589)
	at org.apache.http.conn.scheme.PlainSocketFactory.connectSocket(PlainSocketFactory.java:123)
	at org.apache.http.impl.conn.DefaultClientConnectionOperator.openConnection(DefaultClientConnectionOperator.java:148)
	... 43 more
</failure>
    <system-out>UpdateUserInfoCase(id=2, UserId=3, userName=null, sex=null, age=null, permission=null, isdelete=1, expected=updateUserInfo)
http://localhost:8888/v1/updateUserInfo
</system-out>
  </testcase>
  <testcase classname="com.course.cases.GetUserInfoListTest" name="getUserInfoList" time="2.035">
    <failure message="Connection to http://localhost:8888 refused" type="org.apache.http.conn.HttpHostConnectException">org.apache.http.conn.HttpHostConnectException: Connection to http://localhost:8888 refused
	at org.apache.http.impl.conn.DefaultClientConnectionOperator.openConnection(DefaultClientConnectionOperator.java:158)
	at org.apache.http.impl.conn.AbstractPoolEntry.open(AbstractPoolEntry.java:149)
	at org.apache.http.impl.conn.AbstractPooledConnAdapter.open(AbstractPooledConnAdapter.java:121)
	at org.apache.http.impl.client.DefaultRequestDirector.tryConnect(DefaultRequestDirector.java:573)
	at org.apache.http.impl.client.DefaultRequestDirector.execute(DefaultRequestDirector.java:425)
	at org.apache.http.impl.client.AbstractHttpClient.execute(AbstractHttpClient.java:820)
	at org.apache.http.impl.client.AbstractHttpClient.execute(AbstractHttpClient.java:754)
	at org.apache.http.impl.client.AbstractHttpClient.execute(AbstractHttpClient.java:732)
	at com.course.cases.GetUserInfoListTest.getJSONArrayResult(GetUserInfoListTest.java:67)
	at com.course.cases.GetUserInfoListTest.getUserInfoList(GetUserInfoListTest.java:33)
Caused by: java.net.ConnectException: Connection refused: connect
	at java.net.DualStackPlainSocketImpl.connect0(Native Method)
	at java.net.DualStackPlainSocketImpl.socketConnect(DualStackPlainSocketImpl.java:79)
	at java.net.AbstractPlainSocketImpl.doConnect(AbstractPlainSocketImpl.java:350)
	at java.net.AbstractPlainSocketImpl.connectToAddress(AbstractPlainSocketImpl.java:206)
	at java.net.AbstractPlainSocketImpl.connect(AbstractPlainSocketImpl.java:188)
	at java.net.PlainSocketImpl.connect(PlainSocketImpl.java:172)
	at java.net.SocksSocketImpl.connect(SocksSocketImpl.java:392)
	at java.net.Socket.connect(Socket.java:589)
	at org.apache.http.conn.scheme.PlainSocketFactory.connectSocket(PlainSocketFactory.java:123)
	at org.apache.http.impl.conn.DefaultClientConnectionOperator.openConnection(DefaultClientConnectionOperator.java:148)
	... 43 more
</failure>
    <system-out>GetUserListCase(userName=null, age=null, sex=0, expected=getUserList)
http://localhost:8888/v1/getUserInfo
</system-out>
  </testcase>
  <testcase classname="com.course.cases.AddUserTest" name="addUserCase" time="2.037">
    <skipped/>
  </testcase>
  <testcase classname="com.course.cases.GetUserInfoTest" name="getUserInfo" time="2.037">
    <skipped/>
  </testcase>
</testsuite>